c:\3семестр\homeassignmentsalgorythms\3semshortestpaths\puzzle4x4\puzzle4x4\debug\vc140.pdb
c:\3семестр\homeassignmentsalgorythms\3semshortestpaths\puzzle4x4\puzzle4x4\debug\vc140.idb
c:\3семестр\homeassignmentsalgorythms\3semshortestpaths\puzzle4x4\puzzle4x4\debug\cvertex.nativecodeanalysis.xml
c:\3семестр\homeassignmentsalgorythms\3semshortestpaths\puzzle4x4\puzzle4x4\debug\heuristics.nativecodeanalysis.xml
c:\3семестр\homeassignmentsalgorythms\3semshortestpaths\puzzle4x4\puzzle4x4\debug\source.nativecodeanalysis.xml
c:\3семестр\homeassignmentsalgorythms\3semshortestpaths\puzzle4x4\puzzle4x4\debug\source.obj
c:\3семестр\homeassignmentsalgorythms\3semshortestpaths\puzzle4x4\puzzle4x4\debug\heuristics.obj
c:\3семестр\homeassignmentsalgorythms\3semshortestpaths\puzzle4x4\puzzle4x4\debug\cvertex.obj
c:\3семестр\homeassignmentsalgorythms\3semshortestpaths\puzzle4x4\debug\puzzle4x4.ilk
c:\3семестр\homeassignmentsalgorythms\3semshortestpaths\puzzle4x4\debug\puzzle4x4.exe
c:\3семестр\homeassignmentsalgorythms\3semshortestpaths\puzzle4x4\debug\puzzle4x4.pdb
c:\3семестр\homeassignmentsalgorythms\3semshortestpaths\puzzle4x4\puzzle4x4\debug\nativecodeanalysis.read.1.tlog
c:\3семестр\homeassignmentsalgorythms\3semshortestpaths\puzzle4x4\puzzle4x4\debug\vc.nativecodeanalysis.all.xml
c:\3семестр\homeassignmentsalgorythms\3semshortestpaths\puzzle4x4\debug\puzzle4x4.exe.lastcodeanalysissucceeded
c:\3семестр\homeassignmentsalgorythms\3semshortestpaths\puzzle4x4\puzzle4x4\debug\puzzle4x4.tlog\cl.command.1.tlog
c:\3семестр\homeassignmentsalgorythms\3semshortestpaths\puzzle4x4\puzzle4x4\debug\puzzle4x4.tlog\cl.read.1.tlog
c:\3семестр\homeassignmentsalgorythms\3semshortestpaths\puzzle4x4\puzzle4x4\debug\puzzle4x4.tlog\cl.write.1.tlog
c:\3семестр\homeassignmentsalgorythms\3semshortestpaths\puzzle4x4\puzzle4x4\debug\puzzle4x4.tlog\link.command.1.tlog
c:\3семестр\homeassignmentsalgorythms\3semshortestpaths\puzzle4x4\puzzle4x4\debug\puzzle4x4.tlog\link.read.1.tlog
c:\3семестр\homeassignmentsalgorythms\3semshortestpaths\puzzle4x4\puzzle4x4\debug\puzzle4x4.tlog\link.write.1.tlog
