  Source.cpp
  Heuristics.cpp
  CVertex.cpp
c:\3семестр\homeassignmentsalgorythms\3semshortestpaths\puzzle4x4\puzzle4x4\cvertex.cpp(48): error C2039: 'push_back': is not a member of 'std::set<std::shared_ptr<CVertex>,std::less<_Kty>,std::allocator<_Kty>>'
          with
          [
              _Kty=std::shared_ptr<CVertex>
          ]
  c:\3семестр\homeassignmentsalgorythms\3semshortestpaths\puzzle4x4\puzzle4x4\cvertex.h(27): note: see declaration of 'std::set<std::shared_ptr<CVertex>,std::less<_Kty>,std::allocator<_Kty>>'
          with
          [
              _Kty=std::shared_ptr<CVertex>
          ]
c:\3семестр\homeassignmentsalgorythms\3semshortestpaths\puzzle4x4\puzzle4x4\cvertex.cpp(53): error C2039: 'push_back': is not a member of 'std::set<std::shared_ptr<CVertex>,std::less<_Kty>,std::allocator<_Kty>>'
          with
          [
              _Kty=std::shared_ptr<CVertex>
          ]
  c:\3семестр\homeassignmentsalgorythms\3semshortestpaths\puzzle4x4\puzzle4x4\cvertex.h(27): note: see declaration of 'std::set<std::shared_ptr<CVertex>,std::less<_Kty>,std::allocator<_Kty>>'
          with
          [
              _Kty=std::shared_ptr<CVertex>
          ]
c:\3семестр\homeassignmentsalgorythms\3semshortestpaths\puzzle4x4\puzzle4x4\cvertex.cpp(58): error C2039: 'push_back': is not a member of 'std::set<std::shared_ptr<CVertex>,std::less<_Kty>,std::allocator<_Kty>>'
          with
          [
              _Kty=std::shared_ptr<CVertex>
          ]
  c:\3семестр\homeassignmentsalgorythms\3semshortestpaths\puzzle4x4\puzzle4x4\cvertex.h(27): note: see declaration of 'std::set<std::shared_ptr<CVertex>,std::less<_Kty>,std::allocator<_Kty>>'
          with
          [
              _Kty=std::shared_ptr<CVertex>
          ]
c:\3семестр\homeassignmentsalgorythms\3semshortestpaths\puzzle4x4\puzzle4x4\cvertex.cpp(63): error C2039: 'push_back': is not a member of 'std::set<std::shared_ptr<CVertex>,std::less<_Kty>,std::allocator<_Kty>>'
          with
          [
              _Kty=std::shared_ptr<CVertex>
          ]
  c:\3семестр\homeassignmentsalgorythms\3semshortestpaths\puzzle4x4\puzzle4x4\cvertex.h(27): note: see declaration of 'std::set<std::shared_ptr<CVertex>,std::less<_Kty>,std::allocator<_Kty>>'
          with
          [
              _Kty=std::shared_ptr<CVertex>
          ]
  Generating Code...
c:\3семестр\homeassignmentsalgorythms\3semshortestpaths\puzzle4x4\puzzle4x4\source.cpp(47): warning C4715: 'AStartAlgorythm': not all control paths return a value
